<?xml version="1.0" encoding="utf-8"?><testsuites name="pytest tests"><testsuite name="pytest" errors="0" failures="0" skipped="0" tests="7" time="1.792" timestamp="2026-05-22T19:10:33.836209+00:00" hostname="agent-env-5f994dc7-8c00-4d58-a02b-665468237121"><testcase classname="backend.tests.test_neon_rps_api.TestHealth" name="test_healthz_node" time="0.362" /><testcase classname="backend.tests.test_neon_rps_api.TestHealth" name="test_health_fastapi" time="0.065" /><testcase classname="backend.tests.test_neon_rps_api.TestOnrampSession" name="test_onramp_session_happy_path" time="0.256" /><testcase classname="backend.tests.test_neon_rps_api.TestOnrampSession" name="test_onramp_session_missing_wallet" time="0.067" /><testcase classname="backend.tests.test_neon_rps_api.TestOnrampSession" name="test_onramp_session_invalid_wallet" time="0.066" /><testcase classname="backend.tests.test_neon_rps_api.TestOGImage" name="test_og_image_returns_png" time="0.622" /><testcase classname="backend.tests.test_neon_rps_api.TestShare" name="test_share_returns_html_with_meta" time="0.132" /></testsuite></testsuites>